[0;34m[2025-10-14 18:49:42][0m ================================================================
[0;34m[2025-10-14 18:49:42][0m ForestGEO Database Migration
[0;34m[2025-10-14 18:49:42][0m ================================================================
[0;34m[2025-10-14 18:49:42][0m Target Schema: forestgeo_mpala
[0;34m[2025-10-14 18:49:42][0m Host: forestgeo-mysqldataserver.mysql.database.azure.com
[0;34m[2025-10-14 18:49:42][0m User: azureroot
[0;34m[2025-10-14 18:49:42][0m Log File: migration_20251014_184942.log
[0;34m[2025-10-14 18:49:42][0m ================================================================
[0;34m[2025-10-14 18:49:42][0m Testing database connection...
[0;32m[2025-10-14 18:49:42] âś“[0m Database connection successful
[0;34m[2025-10-14 18:49:42][0m Verifying target schema exists...
[0;32m[2025-10-14 18:49:43] âś“[0m Schema 'forestgeo_mpala' verified
[0;34m[2025-10-14 18:49:43][0m ================================================================
[0;34m[2025-10-14 18:49:43][0m Script 1 of 9: 01_create_mapping_tables.sql
[0;34m[2025-10-14 18:49:43][0m ================================================================
[0;34m[2025-10-14 18:49:43][0m Executing: 01_create_mapping_tables.sql
Status
Mapping tables created successfully
[0;32m[2025-10-14 18:49:44] âś“[0m Completed: 01_create_mapping_tables.sql
[0;34m[2025-10-14 18:49:44][0m Progress: 1/9 (11%)
[0;34m[2025-10-14 18:49:44][0m ================================================================
[0;34m[2025-10-14 18:49:44][0m Script 2 of 9: 02_migrate_plots.sql
[0;34m[2025-10-14 18:49:44][0m ================================================================
[0;34m[2025-10-14 18:49:44][0m Executing: 02_migrate_plots.sql
PlotID	Raw DimensionX (m)	Converted DimensionX	Unit	Raw DimensionY (m)	Converted DimensionY	Unit	Raw Area (mÂ˛)	Converted Area	Unit
1	2380.00000	2380.000000000	m	480.00000	480.000000000	m	1142400.0000000000	11424.00000000000000	dam2
Status	PlotCount
Plot data inserted	1
Status	MappingCount
Mapping table populated	1
Description	TotalPlotsMigrated	SamplePlotName	MaxDimensionX	MaxDimensionY
Plots Migration Summary	1	Mpala	2380.000000	480.000000
Description	MappingCount	UniqueOldPlots	UniqueNewPlots
Mapping Validation	1	1	1
[0;32m[2025-10-14 18:49:46] âś“[0m Completed: 02_migrate_plots.sql
[0;34m[2025-10-14 18:49:46][0m Progress: 2/9 (22%)
[0;34m[2025-10-14 18:49:46][0m ================================================================
[0;34m[2025-10-14 18:49:46][0m Script 3 of 9: 03_migrate_quadrats.sql
[0;34m[2025-10-14 18:49:46][0m ================================================================
[0;34m[2025-10-14 18:49:46][0m Executing: 03_migrate_quadrats.sql
Status	QuadratCount
Quadrat data inserted	2995
Status	MappingCount
Mapping table populated	2995
Description	TotalQuadratsMigrated	SampleQuadratName	PlotsWithQuadrats
Quadrats Migration Summary	2995	0101	1
Description	MappingCount	UniqueOldQuadrats	UniqueNewQuadrats
Mapping Validation	2995	2995	2995
Warning	Count
Quadrats with NULL coordinates	0
[0;32m[2025-10-14 18:49:50] âś“[0m Completed: 03_migrate_quadrats.sql
[0;34m[2025-10-14 18:49:50][0m Progress: 3/9 (33%)
[0;34m[2025-10-14 18:49:50][0m ================================================================
[0;34m[2025-10-14 18:49:50][0m Script 4 of 9: 04_migrate_taxonomy.sql
[0;34m[2025-10-14 18:49:50][0m ================================================================
[0;34m[2025-10-14 18:49:50][0m Executing: 04_migrate_taxonomy.sql
Status	FamilyCount
Family migration complete	27
Status	GenusCount
Genus migration complete	44
Status	SpeciesCount
Species migration complete	68
Description	TotalFamilies	TotalGenera	TotalSpecies
Taxonomy Migration Summary	27	44	68
Description	FamilyMappings	GenusMappings	SpeciesMappings
Mapping Summary	27	44	68
Check_Type	Family	Genus	SpeciesName	SubspeciesName	SpeciesCode
Verify hierarchy	Anacardiaceae	Rhus	sp.	NULL	RHUSHL
Verify hierarchy	Anacardiaceae	Rhus	natalensis	NULL	RHUSNA
Verify hierarchy	Apocynaceae	Acokanthera	sp.1	NULL	ACOKRB
Verify hierarchy	Apocynaceae	Acokanthera	sp.2	NULL	ACOKRL
Verify hierarchy	Apocynaceae	Acokanthera	sp.3	NULL	ACOKSP
Verify hierarchy	Apocynaceae	Carissa	spinarum	NULL	CARISP
Verify hierarchy	Asteraceae	Psiadia	punctulata	NULL	PSIAPU
Verify hierarchy	Boraginaceae	Cordia	sinensis	NULL	CORDSI
Verify hierarchy	Burseraceae	Commiphora	schimperi	NULL	COMMSP
Verify hierarchy	Capparaceae	Boscia	angustifolia	NULL	BOSCAN
[0;32m[2025-10-14 18:50:00] âś“[0m Completed: 04_migrate_taxonomy.sql
[0;34m[2025-10-14 18:50:00][0m Progress: 4/9 (44%)
[0;34m[2025-10-14 18:50:00][0m ================================================================
[0;34m[2025-10-14 18:50:00][0m Script 5 of 9: 05_migrate_census.sql
[0;34m[2025-10-14 18:50:00][0m ================================================================
[0;34m[2025-10-14 18:50:00][0m Executing: 05_migrate_census.sql
Description	TotalCensusesMigrated	FirstCensusNumber	LastCensusNumber	EarliestStartDate	LatestEndDate
Census Migration Summary	2	1	2	2018-03-14	2023-01-19
Status	MappingCount
Mapping entries created	2
PlotName	CensusCount	FirstCensus	LastCensus
Mpala	2	2018-03-14	2023-01-19
[0;32m[2025-10-14 18:50:01] âś“[0m Completed: 05_migrate_census.sql
[0;34m[2025-10-14 18:50:01][0m Progress: 5/9 (55%)
[0;34m[2025-10-14 18:50:01][0m ================================================================
[0;34m[2025-10-14 18:50:01][0m Script 6 of 9: 06_migrate_trees.sql
[0;34m[2025-10-14 18:50:01][0m ================================================================
[0;34m[2025-10-14 18:50:01][0m Executing: 06_migrate_trees.sql
Description	TotalTreesMigrated	UniqueSpecies	UniqueCensuses	SampleTreeTag
Trees Migration Summary	230427	68	2	   251258
Status	MappingCount
Mapping entries created	149521
SpeciesCode	SpeciesName	TreeCount
ACACDR	drepanolobium	61317
CROTDI	dichogamous	41198
EUCLDI	divinorum	38399
ACACBR	brevispica	30247
ACACME	mellifera	13827
ACACET	etbaica	8418
ACACGE	gerrardii	4260
CARISP	spinarum	4042
GREWSP	kakothamnos	2311
BALAGL	glaber	2237
Warning	UnmappedCount
Unmapped Trees	0
[0;32m[2025-10-14 18:50:16] âś“[0m Completed: 06_migrate_trees.sql
[0;34m[2025-10-14 18:50:16][0m Progress: 6/9 (66%)
[0;34m[2025-10-14 18:50:16][0m ================================================================
[0;34m[2025-10-14 18:50:16][0m Script 7 of 9: 07_migrate_stems.sql
[0;34m[2025-10-14 18:50:16][0m ================================================================
[0;34m[2025-10-14 18:50:16][0m Executing: 07_migrate_stems.sql
Description	TotalStemsMigrated	UniqueTreesWithStems	QuadratsWithStems	StemsWithCoordinates	StemsWithoutCoordinates
Stems Migration Summary	575016	149521	2995	568414	6602
Status	MappingCount
Mapping entries created	401188
QuadratName	PlotName	StemCount
5118	Mpala	3176
5025	Mpala	3162
5023	Mpala	3129
5024	Mpala	3086
4925	Mpala	3043
5123	Mpala	2981
4924	Mpala	2885
5122	Mpala	2818
4923	Mpala	2468
5120	Mpala	2467
Warning	Count
Stems with missing coordinates	6602
Warning	UnmappedCount
Unmapped Stems	0
[0;32m[2025-10-14 18:51:40] âś“[0m Completed: 07_migrate_stems.sql
[0;34m[2025-10-14 18:51:40][0m Progress: 7/9 (77%)
[0;34m[2025-10-14 18:51:40][0m ================================================================
[0;34m[2025-10-14 18:51:40][0m Script 8 of 9: 08_migrate_coremeasurements.sql
[0;34m[2025-10-14 18:51:40][0m ================================================================
[0;34m[2025-10-14 18:51:40][0m Executing: 08_migrate_coremeasurements.sql
Description	TotalMeasurementsMigrated	UniqueStemsWithMeasurements	CensusesWithMeasurements	MeasurementsWithDate	MeasurementsWithoutDate	AvgDBH	MinDBH	MaxDBH
Core Measurements Migration Summary	520475	401078	2	520475	0	32.2342331524	0.500000	550.000000
PlotCensusNumber	CensusDescription	MeasurementCount	AvgDBH
1	NULL	363983	31.0531989131
2	NULL	156492	34.9811875367
Warning	NullDBH	NullHOM
Measurements with NULL values	0	0
Info	EarliestMeasurement	LatestMeasurement	UniqueDates
Date Coverage	2010-02-09	2020-12-20	1014
PlotName	QuadratName	TreeTag	SpeciesCode	SpeciesName	MeasuredDBH	MeasuredHOM	MeasurementDate
Mpala	6710	671557	CROTDI	dichogamous	23.000000	0.500000	2020-12-20
Mpala	6710	671566	CROTDI	dichogamous	31.000000	0.500000	2020-12-20
Mpala	6710	671563	CROTDI	dichogamous	30.000000	0.500000	2020-12-20
Mpala	6710	671559	CROTDI	dichogamous	26.000000	0.500000	2020-12-20
Mpala	6710	671567	CROTDI	dichogamous	26.000000	0.500000	2020-12-20
Mpala	6710	671559	CROTDI	dichogamous	31.000000	0.500000	2020-12-20
Mpala	6710	671557	CROTDI	dichogamous	25.000000	0.500000	2020-12-20
Mpala	6710	671559	CROTDI	dichogamous	26.000000	0.500000	2020-12-20
Mpala	6710	671563	CROTDI	dichogamous	27.000000	0.500000	2020-12-20
Mpala	6710	671563	CROTDI	dichogamous	34.000000	0.500000	2020-12-20
[0;32m[2025-10-14 18:52:19] âś“[0m Completed: 08_migrate_coremeasurements.sql
[0;34m[2025-10-14 18:52:19][0m Progress: 8/9 (88%)
[0;34m[2025-10-14 18:52:19][0m ================================================================
[0;34m[2025-10-14 18:52:19][0m Script 9 of 9: 09_migrate_attributes.sql
[0;34m[2025-10-14 18:52:19][0m ================================================================
[0;34m[2025-10-14 18:52:19][0m Executing: 09_migrate_attributes.sql
Status	AttributeCount
Attributes populated	12
Status	LinkCount
TSM codes parsed from ListOfTSM	191410
Status	LinkCount
Attributes linked to measurements	118349
Description	TotalAttributes	TotalAttributeLinks	MeasurementsWithAttributes
Attributes Migration Summary	17	638824	520475
Code	Description	Status	UsageCount
ALIVE	Tree/Stem is alive	alive	519753
M		alive	64383
Q	stem broken above dkh	alive	40914
L		alive	5907
I		alive	5345
Y		alive	919
dead	dead	dead	722
X	stem broken below dkh	alive	592
D	dead	dead	269
P		alive	14
D4	main stem dead, resprout greater than dkh and measurable	alive	5
D2	dead missing	dead	1
D3	main stem dead, but resprout less than dkh	broken below	0
MISSING	Tree/Stem is missing	missing	0
OMITTED	Measurement omitted	omitted	0
STEM_DEAD	Stem is dead	stem dead	0
BROKEN_BEL	Broken below measurement height	broken below	0
Warning	Count
Measurements without attributes	0
PlotName	TreeTag	SpeciesCode	MeasuredDBH	Attributes
Mpala	010001	ACACDR	27.000000	ALIVE, M
Mpala	010001	ACACDR	23.000000	ALIVE
Mpala	010001	ACACDR	14.000000	ALIVE
Mpala	010004	ACACDR	36.000000	ALIVE
Mpala	010005	ACACDR	34.000000	ALIVE
Mpala	010006	ACACDR	47.000000	ALIVE
Mpala	010007	ACACDR	57.000000	ALIVE
Mpala	010008	ACACDR	17.000000	ALIVE
Mpala	010009	ACACDR	61.000000	ALIVE
Mpala	010010	ACACDR	43.000000	ALIVE
Mpala	010011	ACACDR	40.000000	ALIVE
Mpala	010012	ACACDR	26.000000	ALIVE
Mpala	010013	ACACDR	23.000000	ALIVE
Mpala	010014	ACACDR	21.000000	ALIVE
Mpala	010015	ACACDR	25.000000	ALIVE
Mpala	010016	ACACDR	36.000000	ALIVE
Mpala	010017	ACACDR	69.000000	ALIVE
Mpala	010018	ACACDR	69.000000	ALIVE
Mpala	010019	ACACDR	18.000000	ALIVE, Q
Mpala	010020	ACACDR	30.000000	ALIVE
[0;32m[2025-10-14 18:53:14] âś“[0m Completed: 09_migrate_attributes.sql
[0;34m[2025-10-14 18:53:14][0m Progress: 9/9 (100%)
[0;34m[2025-10-14 18:53:14][0m ================================================================
[0;34m[2025-10-14 18:53:14][0m Running migration validation...
[0;34m[2025-10-14 18:53:14][0m ================================================================
[0;34m[2025-10-14 18:53:14][0m Executing: migration-validation.sql
Info
Validating migration to schema: forestgeo_mpala

======================================

SECTION 1: Record Count Comparison

======================================
Category	Entity	Source_Count	Target_Count	Difference	Percent_Migrated	Status
Biological	Stems	401188	0	-401188	0.00	FAIL
Biological	Trees	149521	0	-149521	0.00	FAIL
Measurements	CoreMeasurements	520475	0	-520475	0.00	FAIL
Spatial	Plots	1	0	-1	0.00	FAIL
Spatial	Quadrats	2995	0	-2995	0.00	FAIL
Taxonomy	Families	27	0	-27	0.00	FAIL
Taxonomy	Genera	44	0	-44	0.00	FAIL
Taxonomy	Species	68	0	-68	0.00	FAIL
Temporal	Censuses	2	0	-2	0.00	FAIL



======================================

SECTION 2: Data Loss Analysis

======================================
Entity	Source_Count	Target_Count	Records_Lost	Migration_Percent	Status
CoreMeasurements	520475	0	-520475	0.00	FAIL
Stems	401188	0	-401188	0.00	FAIL
Trees	149521	0	-149521	0.00	FAIL
Quadrats	2995	0	-2995	0.00	FAIL
Species	68	0	-68	0.00	FAIL
Genera	44	0	-44	0.00	FAIL
Families	27	0	-27	0.00	FAIL
Censuses	2	0	-2	0.00	FAIL
Plots	1	0	-1	0.00	FAIL
Info
Checking for unmapped records...
--------------
SELECT
    'Unmapped Trees' AS Check_Type,
    COUNT(DISTINCT v.TreeID) AS Count,
    ROUND(100.0 * COUNT(DISTINCT v.TreeID) / (SELECT COUNT(DISTINCT TreeID) FROM stable_mpala.viewfulltable WHERE TreeID IS NOT NULL), 2) AS Percent_Of_Source
FROM stable_mpala.viewfulltable v
LEFT JOIN id_map_trees t_map ON v.TreeID = t_map.old_TreeID
WHERE v.TreeID IS NOT NULL
  AND t_map.new_TreeID IS NULL
--------------

ERROR 1146 (42S02) at line 187: Table 'forestgeo_mpala.id_map_trees' doesn't exist
[0;31m[2025-10-14 18:53:25] âś—[0m Failed: migration-validation.sql
[1;33m[2025-10-14 18:53:25] âš [0m Validation had warnings - please review log
[0;34m[2025-10-14 18:53:25][0m ================================================================
[0;34m[2025-10-14 18:53:25][0m Running cleanup...
[0;34m[2025-10-14 18:53:25][0m ================================================================
[0;34m[2025-10-14 18:53:25][0m Executing: 10_cleanup.sql
Status
Starting cleanup process...
Status
Dropping ID mapping tables...
Status
Mapping tables dropped
Status
Verifying cleanup...
Check_Type	Count
Remaining Mapping Tables	0
Check_Type	Count
Remaining Temporary Tables	1
Status	Timestamp	Schema_Cleaned
Cleanup Complete	2025-10-14 22:53:25	forestgeo_mpala
[0;32m[2025-10-14 18:53:25] âś“[0m Completed: 10_cleanup.sql
[0;32m[2025-10-14 18:53:25] âś“[0m Cleanup completed
[0;34m[2025-10-14 18:53:25][0m ================================================================
[0;32m[2025-10-14 18:53:25] âś“[0m ALL MIGRATIONS COMPLETED SUCCESSFULLY
[0;34m[2025-10-14 18:53:25][0m ================================================================
[0;34m[2025-10-14 18:53:25][0m Migration scripts executed: 9
[0;34m[2025-10-14 18:53:25][0m Validation: Completed
[0;34m[2025-10-14 18:53:25][0m Cleanup: Completed
[0;34m[2025-10-14 18:53:25][0m Total time: 3m 42s
[0;34m[2025-10-14 18:53:25][0m Log file: migration_20251014_184942.log
[0;34m[2025-10-14 18:53:25][0m ================================================================
